\BOOKMARK [0][-]{chapter.1}{\376\377\000A\000z\000i\000o\000n\000i\000\040\000d\000e\000g\000l\000i\000\040\000u\000t\000e\000n\000t\000i}{}% 1
\BOOKMARK [1][-]{section.1.1}{\376\377\000C\000a\000s\000i\000\040\000d\000'\000u\000s\000o\000\040\000d\000e\000l\000\040\000P\000a\000z\000i\000e\000n\000t\000e}{chapter.1}% 2
\BOOKMARK [2][-]{subsection.1.1.1}{\376\377\000i\000n\000s\000e\000r\000i\000m\000e\000n\000t\000o\000\040\000d\000e\000l\000l\000a\000\040\000r\000i\000l\000e\000v\000a\000z\000i\000o\000n\000e\000\040\000d\000e\000l\000l\000a\000\040\000g\000l\000i\000c\000e\000m\000i\000a}{section.1.1}% 3
\BOOKMARK [2][-]{subsection.1.1.2}{\376\377\000S\000e\000g\000n\000a\000l\000a\000z\000i\000o\000n\000e\000\040\000d\000i\000\040\000p\000a\000t\000o\000l\000o\000g\000i\000e\000,\000\040\000m\000a\000l\000a\000t\000t\000i\000e\000\040\000e\000/\000o\000\040\000s\000i\000n\000t\000o\000m\000i}{section.1.1}% 4
\BOOKMARK [2][-]{subsection.1.1.3}{\376\377\000R\000e\000g\000i\000s\000t\000r\000a\000z\000i\000o\000n\000e\000\040\000g\000i\000o\000r\000n\000a\000l\000i\000e\000r\000a\000\040\000d\000i\000\040\000m\000e\000d\000i\000c\000i\000n\000a\000l\000i\000\040\000a\000s\000s\000u\000n\000t\000i}{section.1.1}% 5
\BOOKMARK [2][-]{subsection.1.1.4}{\376\377\000C\000o\000n\000t\000a\000t\000t\000a\000r\000e\000\040\000i\000l\000\040\000m\000e\000d\000i\000c\000o}{section.1.1}% 6
\BOOKMARK [1][-]{section.1.2}{\376\377\000C\000a\000s\000i\000\040\000d\000'\000u\000s\000o\000\040\000d\000e\000l\000\040\000M\000e\000d\000i\000c\000o}{chapter.1}% 7
\BOOKMARK [2][-]{subsection.1.2.1}{\376\377\000V\000i\000s\000u\000a\000l\000i\000z\000z\000a\000\040\000a\000l\000e\000r\000t\000\040\000p\000e\000r\000\040\000i\000l\000\040\000m\000e\000d\000i\000c\000o}{section.1.2}% 8
\BOOKMARK [2][-]{subsection.1.2.2}{\376\377\000G\000e\000s\000t\000i\000o\000n\000e\000\040\000T\000e\000r\000a\000p\000i\000e}{section.1.2}% 9
\BOOKMARK [2][-]{subsection.1.2.3}{\376\377\000G\000e\000s\000t\000i\000o\000n\000e\000\040\000P\000a\000z\000i\000e\000n\000t\000i}{section.1.2}% 10
\BOOKMARK [1][-]{section.1.3}{\376\377\000C\000a\000s\000i\000\040\000d\000'\000u\000s\000o\000\040\000d\000e\000l\000l\000'\000A\000d\000m\000i\000n}{chapter.1}% 11
\BOOKMARK [2][-]{subsection.1.3.1}{\376\377\000V\000i\000s\000u\000a\000l\000i\000z\000z\000a\000\040\000l\000o\000g}{section.1.3}% 12
\BOOKMARK [2][-]{subsection.1.3.2}{\376\377\000G\000e\000s\000t\000i\000s\000c\000i\000\040\000P\000a\000z\000i\000e\000n\000t\000i}{section.1.3}% 13
\BOOKMARK [2][-]{subsection.1.3.3}{\376\377\000G\000e\000s\000t\000i\000s\000c\000i\000\040\000M\000e\000d\000i\000c\000i}{section.1.3}% 14
\BOOKMARK [0][-]{chapter.2}{\376\377\000D\000i\000a\000g\000r\000a\000m\000m\000i\000\040\000d\000i\000\040\000a\000t\000t\000i\000v\000i\000t\000\340}{}% 15
\BOOKMARK [1][-]{section.2.1}{\376\377\000D\000i\000a\000g\000r\000a\000m\000m\000a\000\040\000d\000i\000\040\000a\000u\000t\000e\000n\000t\000i\000c\000a\000z\000i\000o\000n\000e}{chapter.2}% 16
\BOOKMARK [1][-]{section.2.2}{\376\377\000D\000i\000a\000g\000r\000a\000m\000m\000a\000\040\000d\000e\000l\000\040\000p\000a\000z\000i\000e\000n\000t\000e}{chapter.2}% 17
\BOOKMARK [1][-]{section.2.3}{\376\377\000D\000i\000a\000g\000r\000a\000m\000m\000a\000\040\000d\000e\000l\000\040\000m\000e\000d\000i\000c\000o}{chapter.2}% 18
\BOOKMARK [1][-]{section.2.4}{\376\377\000D\000i\000a\000g\000r\000a\000m\000m\000a\000\040\000d\000e\000l\000l\000'\000a\000d\000m\000i\000n}{chapter.2}% 19
\BOOKMARK [0][-]{chapter.3}{\376\377\000S\000v\000i\000l\000u\000p\000p\000o\000\040\000d\000e\000l\000\040\000S\000o\000f\000t\000w\000a\000r\000e}{}% 20
\BOOKMARK [1][-]{section.3.1}{\376\377\000M\000e\000t\000o\000d\000o\000l\000o\000g\000i\000a\000\040\000d\000i\000\040\000s\000v\000i\000l\000u\000p\000p\000o}{chapter.3}% 21
\BOOKMARK [1][-]{section.3.2}{\376\377\000A\000r\000c\000h\000i\000t\000e\000t\000t\000u\000r\000a}{chapter.3}% 22
\BOOKMARK [2][-]{subsection.3.2.1}{\376\377\000P\000a\000t\000t\000e\000r\000n\000\040\000u\000t\000i\000l\000i\000z\000z\000a\000t\000i}{section.3.2}% 23
\BOOKMARK [2][-]{subsection.3.2.2}{\376\377\000O\000b\000s\000e\000r\000v\000e\000r\000\040\000P\000a\000t\000t\000e\000r\000n}{section.3.2}% 24
\BOOKMARK [2][-]{subsection.3.2.3}{\376\377\000P\000a\000t\000t\000e\000r\000n\000\040\000C\000r\000e\000a\000z\000i\000o\000n\000a\000l\000i}{section.3.2}% 25
\BOOKMARK [2][-]{subsection.3.2.4}{\376\377\000P\000a\000t\000t\000e\000r\000n\000\040\000C\000o\000m\000p\000o\000r\000t\000a\000m\000e\000n\000t\000a\000l\000i}{section.3.2}% 26
\BOOKMARK [0][-]{chapter.4}{\376\377\000T\000e\000s\000t}{}% 27
\BOOKMARK [1][-]{section.4.1}{\376\377\000T\000e\000s\000t\000\040\000a\000u\000t\000o\000m\000a\000t\000i\000c\000i}{chapter.4}% 28
\BOOKMARK [1][-]{section.4.2}{\376\377\000T\000e\000s\000t\000\040\000d\000e\000g\000l\000i\000\040\000s\000v\000i\000l\000u\000p\000p\000a\000t\000o\000r\000i}{chapter.4}% 29
\BOOKMARK [1][-]{section.4.3}{\376\377\000T\000e\000s\000t\000\040\000d\000i\000\040\000u\000n\000\040\000p\000o\000s\000s\000i\000b\000i\000l\000e\000\040\000u\000t\000e\000n\000t\000e}{chapter.4}% 30
